[2023-04-17 16:54:50,608] {manager.py:604} INFO - Processing files using up to 2 processes at a time 
[2023-04-17 16:54:51,831] {manager.py:605} INFO - Process each file at most once every 30 seconds
[2023-04-17 16:54:51,992] {manager.py:607} INFO - Checking for new files in /opt/airflow/dags every 300 seconds
[2023-04-17 16:54:52,167] {manager.py:754} INFO - Searching for files in /opt/airflow/dags
[2023-04-17 16:54:58,554] {manager.py:757} INFO - There are 31 files in /opt/airflow/dags
[2023-04-17 16:55:20,623] {manager.py:1128} INFO - Finding 'running' jobs without a recent heartbeat
[2023-04-17 16:55:20,772] {manager.py:1132} INFO - Failing jobs without heartbeat after 2023-04-17 16:50:20.732945+00:00
[2023-04-17 16:55:36,124] {manager.py:861} INFO - 
================================================================================
DAG File Processing Stats

File Path                                                                                                           PID  Runtime      # DAGs    # Errors  Last Runtime    Last Run
----------------------------------------------------------------------------------------------------------------  -----  ---------  --------  ----------  --------------  ----------
/home/airflow/.local/lib/python3.6/site-packages/airflow/example_dags/example_task_group.py                         746  10.46s            0           0
/home/airflow/.local/lib/python3.6/site-packages/airflow/example_dags/example_kubernetes_executor.py                748  9.83s             0           0
/home/airflow/.local/lib/python3.6/site-packages/airflow/example_dags/example_bash_operator.py                                             0           0
/home/airflow/.local/lib/python3.6/site-packages/airflow/example_dags/tutorial_taskflow_api_etl_virtualenv.py                              0           0
/home/airflow/.local/lib/python3.6/site-packages/airflow/example_dags/example_branch_python_dop_operator_3.py                              0           0
/home/airflow/.local/lib/python3.6/site-packages/airflow/example_dags/example_branch_operator.py                                           0           0
/home/airflow/.local/lib/python3.6/site-packages/airflow/example_dags/example_skip_dag.py                                                  0           0
/home/airflow/.local/lib/python3.6/site-packages/airflow/example_dags/example_latest_only_with_trigger.py                                  0           0
/home/airflow/.local/lib/python3.6/site-packages/airflow/example_dags/example_trigger_controller_dag.py                                    0           0
/home/airflow/.local/lib/python3.6/site-packages/airflow/example_dags/example_xcom.py                                                      0           0
/home/airflow/.local/lib/python3.6/site-packages/airflow/example_dags/example_kubernetes_executor_config.py                                0           0
/home/airflow/.local/lib/python3.6/site-packages/airflow/example_dags/tutorial.py                                                          0           0
/home/airflow/.local/lib/python3.6/site-packages/airflow/example_dags/example_python_operator.py                                           0           0
/home/airflow/.local/lib/python3.6/site-packages/airflow/example_dags/example_nested_branch_dag.py                                         0           0
/home/airflow/.local/lib/python3.6/site-packages/airflow/example_dags/tutorial_taskflow_api_etl.py                                         0           0
/home/airflow/.local/lib/python3.6/site-packages/airflow/example_dags/example_xcomargs.py                                                  0           0
/home/airflow/.local/lib/python3.6/site-packages/airflow/example_dags/example_branch_day_of_week_operator.py                               0           0
/home/airflow/.local/lib/python3.6/site-packages/airflow/example_dags/example_short_circuit_operator.py                                    0           0
/home/airflow/.local/lib/python3.6/site-packages/airflow/example_dags/example_trigger_target_dag.py                                        0           0
/home/airflow/.local/lib/python3.6/site-packages/airflow/example_dags/example_complex.py                                                   0           0
/home/airflow/.local/lib/python3.6/site-packages/airflow/example_dags/example_passing_params_via_test_command.py                           0           0
/home/airflow/.local/lib/python3.6/site-packages/airflow/example_dags/example_branch_datetime_operator.py                                  0           0
/home/airflow/.local/lib/python3.6/site-packages/airflow/example_dags/example_dag_decorator.py                                             0           0
/home/airflow/.local/lib/python3.6/site-packages/airflow/example_dags/example_task_group_decorator.py                                      0           0
/home/airflow/.local/lib/python3.6/site-packages/airflow/example_dags/test_utils.py                                                        0           0
/home/airflow/.local/lib/python3.6/site-packages/airflow/example_dags/example_latest_only.py                                               0           0
/home/airflow/.local/lib/python3.6/site-packages/airflow/example_dags/example_branch_labels.py                                             0           0
/home/airflow/.local/lib/python3.6/site-packages/airflow/example_dags/example_subdag_operator.py                                           0           0
/home/airflow/.local/lib/python3.6/site-packages/airflow/example_dags/tutorial_etl_dag.py                                                  0           0
/home/airflow/.local/lib/python3.6/site-packages/airflow/example_dags/example_external_task_marker_dag.py                                  0           0
/home/airflow/.local/lib/python3.6/site-packages/airflow/example_dags/subdags/subdag.py                                                    0           0
================================================================================
[2023-04-17 16:55:40,007] {manager.py:1128} INFO - Finding 'running' jobs without a recent heartbeat
[2023-04-17 16:55:40,286] {manager.py:1132} INFO - Failing jobs without heartbeat after 2023-04-17 16:50:40.286098+00:00
[2023-04-17 16:55:54,191] {manager.py:1128} INFO - Finding 'running' jobs without a recent heartbeat
[2023-04-17 16:55:54,278] {manager.py:1132} INFO - Failing jobs without heartbeat after 2023-04-17 16:50:54.278259+00:00
[2023-04-17 16:56:09,840] {manager.py:861} INFO - 
================================================================================
DAG File Processing Stats

File Path                                                                                                           PID  Runtime      # DAGs    # Errors  Last Runtime    Last Run
----------------------------------------------------------------------------------------------------------------  -----  ---------  --------  ----------  --------------  ----------
/home/airflow/.local/lib/python3.6/site-packages/airflow/example_dags/example_task_group.py                         746  48.11s            0           0
/home/airflow/.local/lib/python3.6/site-packages/airflow/example_dags/example_kubernetes_executor.py                748  47.47s            0           0
/home/airflow/.local/lib/python3.6/site-packages/airflow/example_dags/example_bash_operator.py                                             0           0
/home/airflow/.local/lib/python3.6/site-packages/airflow/example_dags/tutorial_taskflow_api_etl_virtualenv.py                              0           0
/home/airflow/.local/lib/python3.6/site-packages/airflow/example_dags/example_branch_python_dop_operator_3.py                              0           0
/home/airflow/.local/lib/python3.6/site-packages/airflow/example_dags/example_branch_operator.py                                           0           0
/home/airflow/.local/lib/python3.6/site-packages/airflow/example_dags/example_skip_dag.py                                                  0           0
/home/airflow/.local/lib/python3.6/site-packages/airflow/example_dags/example_latest_only_with_trigger.py                                  0           0
/home/airflow/.local/lib/python3.6/site-packages/airflow/example_dags/example_trigger_controller_dag.py                                    0           0
/home/airflow/.local/lib/python3.6/site-packages/airflow/example_dags/example_xcom.py                                                      0           0
/home/airflow/.local/lib/python3.6/site-packages/airflow/example_dags/example_kubernetes_executor_config.py                                0           0
/home/airflow/.local/lib/python3.6/site-packages/airflow/example_dags/tutorial.py                                                          0           0
/home/airflow/.local/lib/python3.6/site-packages/airflow/example_dags/example_python_operator.py                                           0           0
/home/airflow/.local/lib/python3.6/site-packages/airflow/example_dags/example_nested_branch_dag.py                                         0           0
/home/airflow/.local/lib/python3.6/site-packages/airflow/example_dags/tutorial_taskflow_api_etl.py                                         0           0
/home/airflow/.local/lib/python3.6/site-packages/airflow/example_dags/example_xcomargs.py                                                  0           0
/home/airflow/.local/lib/python3.6/site-packages/airflow/example_dags/example_branch_day_of_week_operator.py                               0           0
/home/airflow/.local/lib/python3.6/site-packages/airflow/example_dags/example_short_circuit_operator.py                                    0           0
/home/airflow/.local/lib/python3.6/site-packages/airflow/example_dags/example_trigger_target_dag.py                                        0           0
/home/airflow/.local/lib/python3.6/site-packages/airflow/example_dags/example_complex.py                                                   0           0
/home/airflow/.local/lib/python3.6/site-packages/airflow/example_dags/example_passing_params_via_test_command.py                           0           0
/home/airflow/.local/lib/python3.6/site-packages/airflow/example_dags/example_branch_datetime_operator.py                                  0           0
/home/airflow/.local/lib/python3.6/site-packages/airflow/example_dags/example_dag_decorator.py                                             0           0
/home/airflow/.local/lib/python3.6/site-packages/airflow/example_dags/example_task_group_decorator.py                                      0           0
/home/airflow/.local/lib/python3.6/site-packages/airflow/example_dags/test_utils.py                                                        0           0
/home/airflow/.local/lib/python3.6/site-packages/airflow/example_dags/example_latest_only.py                                               0           0
/home/airflow/.local/lib/python3.6/site-packages/airflow/example_dags/example_branch_labels.py                                             0           0
/home/airflow/.local/lib/python3.6/site-packages/airflow/example_dags/example_subdag_operator.py                                           0           0
/home/airflow/.local/lib/python3.6/site-packages/airflow/example_dags/tutorial_etl_dag.py                                                  0           0
/home/airflow/.local/lib/python3.6/site-packages/airflow/example_dags/example_external_task_marker_dag.py                                  0           0
/home/airflow/.local/lib/python3.6/site-packages/airflow/example_dags/subdags/subdag.py                                                    0           0
================================================================================
[2023-04-17 16:56:10,479] {manager.py:1128} INFO - Finding 'running' jobs without a recent heartbeat
[2023-04-17 16:56:10,594] {manager.py:1132} INFO - Failing jobs without heartbeat after 2023-04-17 16:51:10.577065+00:00
[2023-04-17 16:56:18,032] {manager.py:1169} ERROR - Processor for /home/airflow/.local/lib/python3.6/site-packages/airflow/example_dags/example_task_group.py with PID 746 started at 2023-04-17T16:55:19.340333+00:00 has timed out, killing it.
[2023-04-17 16:56:19,018] {manager.py:1169} ERROR - Processor for /home/airflow/.local/lib/python3.6/site-packages/airflow/example_dags/example_kubernetes_executor.py with PID 748 started at 2023-04-17T16:55:19.972128+00:00 has timed out, killing it.
[2023-04-17 16:56:20,956] {manager.py:1169} ERROR - Processor for /home/airflow/.local/lib/python3.6/site-packages/airflow/example_dags/example_task_group.py with PID 746 started at 2023-04-17T16:55:19.340333+00:00 has timed out, killing it.
[2023-04-17 16:56:21,655] {manager.py:1169} ERROR - Processor for /home/airflow/.local/lib/python3.6/site-packages/airflow/example_dags/example_kubernetes_executor.py with PID 748 started at 2023-04-17T16:55:19.972128+00:00 has timed out, killing it.
[2023-04-17 16:56:23,260] {manager.py:1169} ERROR - Processor for /home/airflow/.local/lib/python3.6/site-packages/airflow/example_dags/example_task_group.py with PID 746 started at 2023-04-17T16:55:19.340333+00:00 has timed out, killing it.
[2023-04-17 16:56:23,979] {manager.py:1169} ERROR - Processor for /home/airflow/.local/lib/python3.6/site-packages/airflow/example_dags/example_kubernetes_executor.py with PID 748 started at 2023-04-17T16:55:19.972128+00:00 has timed out, killing it.
